
*****************************************
Setting OMP_NUM_THREADS environment variable for each process to be 1 in default, to avoid your system being overloaded, please further tune the variable for optimal performance in your application as needed. 
*****************************************
/DATA/shared1/anaconda3/envs/msfreb00/lib/python3.10/site-packages/albumentations/check_version.py:147: UserWarning: Error fetching version info <urlopen error _ssl.c:1000: The handshake operation timed out>
  data = fetch_version_info()
[rank1]:[W1226 21:45:45.534883901 ProcessGroupNCCL.cpp:4561] [PG ID 0 PG GUID 0 Rank 1]  using GPU 1 to perform barrier as devices used by this process are currently unknown. This can potentially cause a hang if this rank to GPU mapping is incorrect. Specify device_ids in barrier() to force use of a particular device, or call init_process_group() with a device_id.
[rank0]:[W1226 21:45:46.355394567 ProcessGroupNCCL.cpp:4561] [PG ID 0 PG GUID 0 Rank 0]  using GPU 0 to perform barrier as devices used by this process are currently unknown. This can potentially cause a hang if this rank to GPU mapping is incorrect. Specify device_ids in barrier() to force use of a particular device, or call init_process_group() with a device_id.
/DATA/shared1/MsFreB/MsFreB/utils/iml_transforms.py:196: UserWarning: Argument(s) 'quality_lower, quality_upper' are not valid for transform ImageCompression
  albu.ImageCompression(
/DATA/shared1/MsFreB/MsFreB/utils/iml_transforms.py:196: UserWarning: Argument(s) 'quality_lower, quality_upper' are not valid for transform ImageCompression
  albu.ImageCompression(
/DATA/shared1/MsFreB/MsFreB/utils/iml_transforms.py:233: UserWarning: Argument(s) 'value, mask_value' are not valid for transform PadIfNeeded
  albu.PadIfNeeded(
/DATA/shared1/MsFreB/MsFreB/utils/iml_transforms.py:233: UserWarning: Argument(s) 'value, mask_value' are not valid for transform PadIfNeeded
  albu.PadIfNeeded(
[rank1]: Traceback (most recent call last):
[rank1]:   File "/DATA/shared1/MsFreB/MsFreB/main_train.py", line 354, in <module>
[rank1]:     main(args)
[rank1]:   File "/DATA/shared1/MsFreB/MsFreB/main_train.py", line 327, in main
[rank1]:     misc.save_model(
[rank1]: TypeError: save_model() got an unexpected keyword argument 'is_best'
[rank0]: Traceback (most recent call last):
[rank0]:   File "/DATA/shared1/MsFreB/MsFreB/main_train.py", line 354, in <module>
[rank0]:     main(args)
[rank0]:   File "/DATA/shared1/MsFreB/MsFreB/main_train.py", line 327, in main
[rank0]:     misc.save_model(
[rank0]: TypeError: save_model() got an unexpected keyword argument 'is_best'
[rank0]:[W1229 21:58:37.096422024 ProcessGroupNCCL.cpp:1496] Warning: WARNING: destroy_process_group() was not called before program exit, which can leak resources. For more info, please see https://pytorch.org/docs/stable/distributed.html#shutdown (function operator())
W1229 21:58:40.315000 655 site-packages/torch/distributed/elastic/multiprocessing/api.py:897] Sending process 755 closing signal SIGTERM
E1229 21:58:40.631000 655 site-packages/torch/distributed/elastic/multiprocessing/api.py:869] failed (exitcode: 1) local_rank: 0 (pid: 754) of binary: /DATA/shared1/anaconda3/envs/msfreb00/bin/python
Traceback (most recent call last):
  File "/DATA/shared1/anaconda3/envs/msfreb00/lib/python3.10/runpy.py", line 196, in _run_module_as_main
    return _run_code(code, main_globals, None,
  File "/DATA/shared1/anaconda3/envs/msfreb00/lib/python3.10/runpy.py", line 86, in _run_code
    exec(code, run_globals)
  File "/DATA/shared1/anaconda3/envs/msfreb00/lib/python3.10/site-packages/torch/distributed/run.py", line 922, in <module>
    main()
  File "/DATA/shared1/anaconda3/envs/msfreb00/lib/python3.10/site-packages/torch/distributed/elastic/multiprocessing/errors/__init__.py", line 355, in wrapper
    return f(*args, **kwargs)
  File "/DATA/shared1/anaconda3/envs/msfreb00/lib/python3.10/site-packages/torch/distributed/run.py", line 918, in main
    run(args)
  File "/DATA/shared1/anaconda3/envs/msfreb00/lib/python3.10/site-packages/torch/distributed/run.py", line 909, in run
    elastic_launch(
  File "/DATA/shared1/anaconda3/envs/msfreb00/lib/python3.10/site-packages/torch/distributed/launcher/api.py", line 138, in __call__
    return launch_agent(self._config, self._entrypoint, list(args))
  File "/DATA/shared1/anaconda3/envs/msfreb00/lib/python3.10/site-packages/torch/distributed/launcher/api.py", line 269, in launch_agent
    raise ChildFailedError(
torch.distributed.elastic.multiprocessing.errors.ChildFailedError: 
============================================================
/DATA/shared1/MsFreB/MsFreB/main_train.py FAILED
------------------------------------------------------------
Failures:
  <NO_OTHER_FAILURES>
------------------------------------------------------------
Root Cause (first observed failure):
[0]:
  time      : 2025-12-29_21:58:40
  host      : mil-1080Ti
  rank      : 0 (local_rank: 0)
  exitcode  : 1 (pid: 754)
  error_file: <N/A>
  traceback : To enable traceback see: https://pytorch.org/docs/stable/elastic/errors.html
============================================================
